Сборка начата 13.09.2024 15:24:32.
Уровень детализации журнала: Normal.     1>Проект "D:\prog\ОПИ\labs\lab1\helloworld\Lab_02\Lab_02.vcxproj" в узле 2 (целевые объекты Rebuild).
     1>_PrepareForClean:
         Файл "x64\Debug\Lab_02.tlog\Lab_02.lastbuildstate" удаляется.
       PrepareForBuild:
         Структурированный вывод включен. Форматирование диагностики компилятора будет отражать иерархию ошибок. Подробнее см. https://aka.ms/cpp/structured-output.
       InitializeBuildStatus:
         Создание "x64\Debug\Lab_02.tlog\unsuccessfulbuild", так как было задано "AlwaysCreate".
         Обращение к "x64\Debug\Lab_02.tlog\unsuccessfulbuild".
       ClCompile:
         C:\Program Files\Microsoft Visual Studio\2022\Community\VC\Tools\MSVC\14.41.34120\bin\HostX64\x64\CL.exe /c /ZI /JMC /nologo /W3 /WX- /diagnostics:column /sdl /Od /D _DEBUG /D _CONSOLE /D _UNICODE /D UNICODE /Gm- /EHsc /RTC1 /MDd /GS /fp:precise /Zc:wchar_t /Zc:forScope /Zc:inline /permissive- /Fo"x64\Debug\\" /Fd"x64\Debug\vc143.pdb" /external:W3 /Gd /TP /FC /errorReport:prompt Lab_02.cpp
         Lab_02.cpp
       Link:
         C:\Program Files\Microsoft Visual Studio\2022\Community\VC\Tools\MSVC\14.41.34120\bin\HostX64\x64\link.exe /ERRORREPORT:PROMPT /OUT:"D:\prog\ОПИ\labs\lab1\helloworld\x64\Debug\Lab_02.exe" /INCREMENTAL /ILK:"x64\Debug\Lab_02.ilk" /NOLOGO kernel32.lib user32.lib gdi32.lib winspool.lib comdlg32.lib advapi32.lib shell32.lib ole32.lib oleaut32.lib uuid.lib odbc32.lib odbccp32.lib /MANIFEST /MANIFESTUAC:"level='asInvoker' uiAccess='false'" /manifest:embed /DEBUG /PDB:"D:\prog\ОПИ\labs\lab1\helloworld\x64\Debug\Lab_02.pdb" /SUBSYSTEM:CONSOLE /TLBID:1 /DYNAMICBASE /NXCOMPAT /IMPLIB:"D:\prog\ОПИ\labs\lab1\helloworld\x64\Debug\Lab_02.lib" /MACHINE:X64 x64\Debug\Lab_02.obj
         Lab_02.vcxproj -> D:\prog\ОПИ\labs\lab1\helloworld\x64\Debug\Lab_02.exe
       FinalizeBuildStatus:
         Файл "x64\Debug\Lab_02.tlog\unsuccessfulbuild" удаляется.
         Обращение к "x64\Debug\Lab_02.tlog\Lab_02.lastbuildstate".
     1>Сборка проекта "D:\prog\ОПИ\labs\lab1\helloworld\Lab_02\Lab_02.vcxproj" завершена (целевые объекты Rebuild).

Сборка успешно завершена.
    Предупреждений: 0
    Ошибок: 0

Прошло времени 00:00:01.06
