Сборка начата 13.09.2024 15:27:34.
Уровень детализации журнала: Normal.     1>Проект "D:\prog\ОПИ\labs\lab1\helloworld\Lab_02\Lab_02.vcxproj" в узле 2 (целевые объекты Build).
     1>PrepareForBuild:
         Структурированный вывод включен. Форматирование диагностики компилятора будет отражать иерархию ошибок. Подробнее см. https://aka.ms/cpp/structured-output.
         Создание каталога "D:\prog\ОПИ\labs\lab1\helloworld\x64\Release\".
         Создание каталога "x64\Release\Lab_02.tlog\".
       InitializeBuildStatus:
         Создание "x64\Release\Lab_02.tlog\unsuccessfulbuild", так как было задано "AlwaysCreate".
         Обращение к "x64\Release\Lab_02.tlog\unsuccessfulbuild".
       ClCompile:
         C:\Program Files\Microsoft Visual Studio\2022\Community\VC\Tools\MSVC\14.41.34120\bin\HostX64\x64\CL.exe /c /Zi /nologo /W3 /WX- /diagnostics:column /sdl /O2 /Oi /GL /D NDEBUG /D _CONSOLE /D _UNICODE /D UNICODE /Gm- /EHsc /MD /GS /Gy /fp:precise /Zc:wchar_t /Zc:forScope /Zc:inline /permissive- /Fo"x64\Release\\" /Fd"x64\Release\vc143.pdb" /external:W3 /Gd /TP /FC /errorReport:prompt Lab_02.cpp
         Lab_02.cpp
       Link:
         C:\Program Files\Microsoft Visual Studio\2022\Community\VC\Tools\MSVC\14.41.34120\bin\HostX64\x64\link.exe /ERRORREPORT:PROMPT /OUT:"D:\prog\ОПИ\labs\lab1\helloworld\x64\Release\Lab_02.exe" /NOLOGO kernel32.lib user32.lib gdi32.lib winspool.lib comdlg32.lib advapi32.lib shell32.lib ole32.lib oleaut32.lib uuid.lib odbc32.lib odbccp32.lib /MANIFEST /MANIFESTUAC:"level='asInvoker' uiAccess='false'" /manifest:embed /DEBUG /PDB:"D:\prog\ОПИ\labs\lab1\helloworld\x64\Release\Lab_02.pdb" /SUBSYSTEM:CONSOLE /OPT:REF /OPT:ICF /LTCG:incremental /LTCGOUT:"x64\Release\Lab_02.iobj" /TLBID:1 /DYNAMICBASE /NXCOMPAT /IMPLIB:"D:\prog\ОПИ\labs\lab1\helloworld\x64\Release\Lab_02.lib" /MACHINE:X64 x64\Release\Lab_02.obj
         Создание кода
         Previous IPDB not found, fall back to full compilation.
         All 11 functions were compiled because no usable IPDB/IOBJ from previous compilation was found.
         Создание кода завершено
         Lab_02.vcxproj -> D:\prog\ОПИ\labs\lab1\helloworld\x64\Release\Lab_02.exe
       FinalizeBuildStatus:
         Файл "x64\Release\Lab_02.tlog\unsuccessfulbuild" удаляется.
         Обращение к "x64\Release\Lab_02.tlog\Lab_02.lastbuildstate".
     1>Сборка проекта "D:\prog\ОПИ\labs\lab1\helloworld\Lab_02\Lab_02.vcxproj" завершена (целевые объекты Build).

Сборка успешно завершена.
    Предупреждений: 0
    Ошибок: 0

Прошло времени 00:00:01.02
